"D:/Runner/Content/AnimalVarietyPack/Crow/Meshes/SK_Crow_Skeleton.uasset" 0
"D:/Runner/Content/AnimalVarietyPack/Crow/Animations/ANIM_Crow_Fly.uasset" 1
"D:/Runner/Content/AnimalVarietyPack/Wolf/Meshes/SK_Wolf_Skeleton.uasset" 2
"D:/Runner/Content/AnimalVarietyPack/Wolf/Animations/ANIM_Wolf_Run.uasset" 3
"../../../Engine/Content/EditorBlueprintResources/StandardMacros.uasset" 4
"D:/Runner/Content/AnimalVarietyPack/Wolf/Textures/T_Wolf_BaseColorAlpha.uasset" 5
"D:/Runner/Content/AnimalVarietyPack/Wolf/Textures/T_Wolf_Nml.uasset" 6
"D:/Runner/Content/AnimalVarietyPack/Wolf/Textures/T_Wolf_OcclusionRoughnessMetallic.uasset" 7
"D:/Runner/Content/AnimalVarietyPack/Wolf/Textures/T_Wolf_Specular.uasset" 8
"D:/Runner/Content/AnimalVarietyPack/Wolf/Materials/M_Wolf.uasset" 9
"D:/Runner/Content/AnimalVarietyPack/Wolf/Materials/M_WolfFur.uasset" 10
"D:/Runner/Content/AnimalVarietyPack/Wolf/Meshes/SK_Wolf_PhysicsAsset.uasset" 11
"D:/Runner/Content/AnimalVarietyPack/Wolf/Meshes/SK_Wolf.uasset" 12
"D:/Runner/Content/BP/Game_Over.uasset" 13
"D:/Runner/Content/BP/JMP_Scare.uasset" 14
"D:/Runner/Content/BP/PauseMenu.uasset" 15
"D:/Runner/Content/Sound/Wolf__y89312__33.uasset" 16
"D:/Runner/Content/ThirdPersonBP/Blueprints/RunCharacter.uasset" 17
"D:/Runner/Content/AnimalVarietyPack/Crow/Textures/T_Crow_BaseColor.uasset" 18
"D:/Runner/Content/AnimalVarietyPack/Crow/Textures/T_Crow_Nml.uasset" 19
"D:/Runner/Content/AnimalVarietyPack/Crow/Textures/T_Crow_OcclusionRoughnessMetallic.uasset" 20
"D:/Runner/Content/AnimalVarietyPack/Crow/Textures/T_Crow_Specular.uasset" 21
"D:/Runner/Content/AnimalVarietyPack/Crow/Materials/M_Crow.uasset" 22
"D:/Runner/Content/AnimalVarietyPack/Crow/Meshes/SK_Crow_PhysicsAsset.uasset" 23
"D:/Runner/Content/AnimalVarietyPack/Crow/Meshes/SK_Crow.uasset" 24
"D:/Runner/Content/crow.uasset" 25
"D:/Runner/Content/BP/branco.uasset" 26
"D:/Runner/Content/BP/M_ky_subUV01.uasset" 27
"D:/Runner/Content/BP/MI_ky_aura011_4x4.uasset" 28
"D:/Runner/Content/BP/MI_ky_aura011_4x4_nonD.uasset" 29
"D:/Runner/Content/BP/M_ky_base_anime.uasset" 30
"D:/Runner/Content/BP/MI_ky_circle9_4x4c2.uasset" 31
"D:/Runner/Content/BP/M_ky_base.uasset" 32
"D:/Runner/Content/BP/MI_ky_circleDust.uasset" 33
"../../../Engine/Content/Functions/Engine_MaterialFunctions01/Density/ExponentialDensity.uasset" 34
"../../../Engine/Content/Functions/Engine_MaterialFunctions01/Gradient/RadialGradientExponential.uasset" 35
"D:/Runner/Content/BP/M_ky_dynDust.uasset" 36
"D:/Runner/Content/BP/MI_ky_dynDust.uasset" 37
"D:/Runner/Content/BP/MI_ky_dynDust2.uasset" 38
"D:/Runner/Content/BP/M_ky_subUV03.uasset" 39
"D:/Runner/Content/BP/MI_ky_flareVertical03b_4x4.uasset" 40
"D:/Runner/Content/BP/M_ky_flare01_primitive.uasset" 41
"D:/Runner/Content/BP/MI_ky_shine01B.uasset" 42
"D:/Runner/Content/BP/MI_ky_shine01R.uasset" 43
"D:/Runner/Content/BP/MI_ky_shine01R_nonD.uasset" 44
"D:/Runner/Content/BP/MI_ky_shockwave10R_4x4_nonD.uasset" 45
"D:/Runner/Content/BP/MI_ky_shockwave12_4x4.uasset" 46
"D:/Runner/Content/BP/M_Breakables_01_INST.uasset" 47
"D:/Runner/Content/BP/M_Dungeon_Pipe_FlowingLava_Cool.uasset" 48
"D:/Runner/Content/BP/M_Fire_01_Trans_6X6_INST.uasset" 49
"D:/Runner/Content/BP/M_GolemChains_INST.uasset" 50
"D:/Runner/Content/BP/M_IceMountain_Boulder_MeshEmit.uasset" 51
"D:/Runner/Content/BP/M_IceMountain_Boulder_MeshEmit_2.uasset" 52
"D:/Runner/Content/BP/M_Ice_Unlit.uasset" 53
"D:/Runner/Content/BP/M_JaggedRockFire_MeshEmit_Lit.uasset" 54
"D:/Runner/Content/BP/M_JaggedRockLightning_MeshEmit_Lit_INST.uasset" 55
"D:/Runner/Content/BP/M_JaggedRockPoison_MeshEmit_Lit_INST.uasset" 56
"../../../Engine/Content/Functions/Engine_MaterialFunctions01/Shading/ConvertFromDiffSpec.uasset" 57
"D:/Runner/Content/BP/M_JaggedRock_MeshEmit_Lit.uasset" 58
"D:/Runner/Content/BP/M_JaggedRock_MeshEmit_Snowy_INST.uasset" 59
"D:/Runner/Content/BP/M_JaggedRock_Trans_MeshEmit_Lit.uasset" 60
"D:/Runner/Content/BP/M_Jagged_Rock_01_Lit_INST.uasset" 61
"../../../Engine/Content/Functions/Engine_MaterialFunctions01/Gradient/LinearGradient.uasset" 62
"../../../Engine/Content/EngineResources/DefaultTexture.uasset" 63
"D:/Runner/Content/BP/MF_ky_TexController.uasset" 64
"D:/Runner/Content/BP/MF_ky_TexController_primitive.uasset" 65
"D:/Runner/Content/BP/M_ky_aura9.uasset" 66
"D:/Runner/Content/BP/M_ky_auraWall02.uasset" 67
"D:/Runner/Content/BP/M_ky_base_turbulence.uasset" 68
"D:/Runner/Content/BP/M_ky_chantDecoA.uasset" 69
"D:/Runner/Content/BP/M_ky_dust01_4x4.uasset" 70
"D:/Runner/Content/BP/M_ky_flarePillar.uasset" 71
"D:/Runner/Content/BP/M_ky_flareVert.uasset" 72
"D:/Runner/Content/BP/M_ky_flare_flash.uasset" 73
"D:/Runner/Content/BP/M_ky_Fresnel.uasset" 74
"D:/Runner/Content/BP/M_ky_laser01.uasset" 75
"D:/Runner/Content/BP/M_ky_magicCircle020.uasset" 76
"D:/Runner/Content/BP/M_ky_polar.uasset" 77
"D:/Runner/Content/BP/M_ky_polar_primitive.uasset" 78
"../../../Engine/Content/Functions/Engine_MaterialFunctions02/Fresnel_Function.uasset" 79
"D:/Runner/Content/BP/M_ky_primitive.uasset" 80
"D:/Runner/Content/BP/MF_ky_AddHilight.uasset" 81
"D:/Runner/Content/BP/M_ky_shockWave03_4x4.uasset" 82
"D:/Runner/Content/BP/M_ky_smoke01.uasset" 83
"../../../Engine/Content/Functions/Engine_MaterialFunctions01/Gradient/DiamondGradient.uasset" 84
"../../../Engine/Content/EngineMaterials/BlendFunc_DefBase.uasset" 85
"../../../Engine/Content/EngineMaterials/BlendFunc_DefBlend.uasset" 86
"../../../Engine/Content/Functions/Engine_MaterialFunctions03/Blends/Blend_Screen.uasset" 87
"D:/Runner/Content/BP/M_ky_starDust.uasset" 88
"../../../Engine/Content/Functions/Engine_MaterialFunctions02/Texturing/ScreenAlignedPixelToPixelUVs.uasset" 89
"../../../Engine/Content/EngineMaterials/Good64x64TilingNoiseHighFreq.uasset" 90
"../../../Engine/Content/Functions/Engine_MaterialFunctions02/Utility/DitherTemporalAA.uasset" 91
"D:/Runner/Content/BP/M_ky_stone02.uasset" 92
"../../../Engine/Content/Functions/Engine_MaterialFunctions03/Texturing/TwoSidedTexturing.uasset" 93
"D:/Runner/Content/BP/M_ky_storm01.uasset" 94
"D:/Runner/Content/BP/M_ky_stormDeco01.uasset" 95
"D:/Runner/Content/BP/M_ky_subUV_dynRGB.uasset" 96
"D:/Runner/Content/BP/M_ky_thunderForBeam.uasset" 97
"D:/Runner/Content/BP/M_ky_trail_primitive.uasset" 98
"D:/Runner/Content/BP/M_ky_vortex04_4x4.uasset" 99
"D:/Runner/Content/BP/M_ky_waterDust02.uasset" 100
"D:/Runner/Content/BP/M_LavaFlows_Add_BrightOrng_INST.uasset" 101
"D:/Runner/Content/BP/M_LavaFlows_Fast_Trans.uasset" 102
"D:/Runner/Content/BP/M_LavaFlows_Trans.uasset" 103
"D:/Runner/Content/BP/M_LavaFlows_Trans_2sided.uasset" 104
"D:/Runner/Content/BP/M_Plate_Floor_2_Ice.uasset" 105
"D:/Runner/Content/BP/M_RoboChains_MeshEmit.uasset" 106
"D:/Runner/Content/BP/M_Snow_Ball_01_INST.uasset" 107
"D:/Runner/Content/BP/M_Tornado_Fire_Trans_02.uasset" 108
"D:/Runner/Content/BP/Beakable_Master_MeshEmit.uasset" 109
"D:/Runner/Content/BP/Beakable_No_Rim_MeshEmit_INST.uasset" 110
"D:/Runner/Content/BP/M_Fire_01_Add_6X6_INST.uasset" 111
"D:/Runner/Content/BP/P_BomberExplode.uasset" 112
"D:/Runner/Content/BP/P_BoxBreak_Wood.uasset" 113
"D:/Runner/Content/BP/P_BoxBreak_Wood_Lrg_01.uasset" 114
"D:/Runner/Content/BP/M_Flare_04_INST.uasset" 115
"D:/Runner/Content/BP/M_Spark_04_SubUV_1_4_INST.uasset" 116
"D:/Runner/Content/BP/P_Fire_GroundFire_Blue_mobile.uasset" 117
"D:/Runner/Content/Geometry/Meshes/CubeMaterial.uasset" 118
"D:/Runner/Content/Geometry/Meshes/1M_Cube.uasset" 119
"D:/Runner/Content/Geometry/Meshes/1M_Cube_Chamfer.uasset" 120
"D:/Runner/Content/Geometry/Meshes/TemplateFloor.uasset" 121
"D:/Runner/Content/Sound/434184__loscolt890__cavern-ambience-droning.uasset" 122
"D:/Runner/Content/Sound/413549__inspectorj__ambience-creepy-wind-a.uasset" 123
"D:/Runner/Content/StarterContent/Materials/M_Basic_Wall.uasset" 124
"D:/Runner/Content/StarterContent/Architecture/Pillar_50x500.uasset" 125
"D:/Runner/Content/StarterContent/Architecture/Wall_400x300.uasset" 126
"D:/Runner/Content/StarterContent/Architecture/Wall_400x400.uasset" 127
"D:/Runner/Content/StarterContent/Architecture/Wall_500x500.uasset" 128
"D:/Runner/Content/StarterContent/Architecture/Wall_Door_400x400.uasset" 129
"D:/Runner/Content/StarterContent/Architecture/Wall_Window_400x400.uasset" 130
"D:/Runner/Content/StarterContent/Audio/Collapse01.uasset" 131
"D:/Runner/Content/StarterContent/Audio/Collapse02.uasset" 132
"D:/Runner/Content/StarterContent/Audio/Explosion02.uasset" 133
"D:/Runner/Content/StarterContent/Audio/Fire01.uasset" 134
"D:/Runner/Content/StarterContent/Audio/Fire_Sparks01.uasset" 135
"D:/Runner/Content/StarterContent/Audio/Light01.uasset" 136
"D:/Runner/Content/StarterContent/Audio/Light01_Cue.uasset" 137
"D:/Runner/Content/StarterContent/Audio/Light02.uasset" 138
"D:/Runner/Content/StarterContent/Audio/Light02_Cue.uasset" 139
"D:/Runner/Content/StarterContent/Audio/Smoke01.uasset" 140
"D:/Runner/Content/StarterContent/Audio/Starter_Birds01.uasset" 141
"D:/Runner/Content/StarterContent/Audio/Starter_Music01.uasset" 142
"D:/Runner/Content/StarterContent/Audio/Starter_Wind05.uasset" 143
"D:/Runner/Content/StarterContent/Audio/Starter_Wind06.uasset" 144
"D:/Runner/Content/StarterContent/Audio/Steam01.uasset" 145
"D:/Runner/Content/StarterContent/Audio/Explosion_Cue.uasset" 146
"D:/Runner/Content/StarterContent/Textures/T_Burst_M.uasset" 147
"D:/Runner/Content/StarterContent/Particles/Materials/M_Burst.uasset" 148
"D:/Runner/Content/StarterContent/Textures/T_Explosion_SubUV.uasset" 149
"D:/Runner/Content/StarterContent/Particles/Materials/M_explosion_subUV.uasset" 150
"D:/Runner/Content/StarterContent/Particles/Materials/m_flare_01.uasset" 151
"../../../Engine/Content/Functions/Engine_MaterialFunctions01/Gradient/RadialGradient.uasset" 152
"D:/Runner/Content/StarterContent/Particles/Materials/M_radial_ramp.uasset" 153
"D:/Runner/Content/StarterContent/Textures/T_Smoke_SubUV.uasset" 154
"D:/Runner/Content/StarterContent/Textures/T_Smoke_Tiled_D.uasset" 155
"D:/Runner/Content/StarterContent/Particles/Materials/M_smoke_subUV.uasset" 156
"D:/Runner/Content/StarterContent/Particles/P_Explosion.uasset" 157
"D:/Runner/Content/StarterContent/Blueprints/Blueprint_Effect_Explosion.uasset" 158
"../../../Engine/Content/EditorMeshes/ColorCalibrator/T_ColorGrid.uasset" 159
"D:/Runner/Content/StarterContent/Materials/M_ColorGrid_LowSpec.uasset" 160
"D:/Runner/Content/StarterContent/Textures/T_Bush_D.uasset" 161
"D:/Runner/Content/StarterContent/Textures/T_Bush_N.uasset" 162
"D:/Runner/Content/StarterContent/Props/Materials/M_Bush.uasset" 163
"D:/Runner/Content/StarterContent/Props/SM_Bush.uasset" 164
"D:/Runner/Content/StarterContent/Textures/T_Chair_M.uasset" 165
"D:/Runner/Content/StarterContent/Textures/T_Chair_N.uasset" 166
"D:/Runner/Content/StarterContent/Props/Materials/M_Chair.uasset" 167
"D:/Runner/Content/StarterContent/Props/SM_Couch.uasset" 168
"D:/Runner/Content/StarterContent/Materials/M_Glass.uasset" 169
"D:/Runner/Content/StarterContent/Textures/T_Door_M.uasset" 170
"D:/Runner/Content/StarterContent/Textures/T_Door_N.uasset" 171
"D:/Runner/Content/StarterContent/Props/Materials/M_Door.uasset" 172
"D:/Runner/Content/StarterContent/Props/SM_Door.uasset" 173
"D:/Runner/Content/StarterContent/Props/Materials/M_MaterialSphere.uasset" 174
"D:/Runner/Content/StarterContent/Props/Materials/M_MaterialSphere_Plain.uasset" 175
"D:/Runner/Content/StarterContent/Props/SM_MatPreviewMesh_02.uasset" 176
"../../../Engine/Content/Functions/Engine_MaterialFunctions02/Utility/BlendAngleCorrectedNormals.uasset" 177
"D:/Runner/Content/StarterContent/Textures/T_Detail_Rocky_N.uasset" 178
"D:/Runner/Content/StarterContent/Textures/T_Rock_Basalt_D.uasset" 179
"D:/Runner/Content/StarterContent/Textures/T_RockMesh_M.uasset" 180
"D:/Runner/Content/StarterContent/Textures/T_RockMesh_N.uasset" 181
"D:/Runner/Content/StarterContent/Props/Materials/M_Rock.uasset" 182
"D:/Runner/Content/StarterContent/Props/SM_Rock.uasset" 183
"D:/Runner/Content/StarterContent/Textures/T_Shelf_M.uasset" 184
"D:/Runner/Content/StarterContent/Textures/T_Shelf_N.uasset" 185
"D:/Runner/Content/StarterContent/Props/Materials/M_Shelf.uasset" 186
"D:/Runner/Content/StarterContent/Props/SM_Shelf.uasset" 187
"D:/Runner/Content/StarterContent/Materials/M_Basic_Floor.uasset" 188
"D:/Runner/Content/StarterContent/Props/SM_Stairs.uasset" 189
"D:/Runner/Content/StarterContent/Shapes/Shape_Cone.uasset" 190
"D:/Runner/Content/StarterContent/Shapes/Shape_Cylinder.uasset" 191
"D:/Runner/Content/StarterContent/Shapes/Shape_NarrowCapsule.uasset" 192
"D:/Runner/Content/StarterContent/Shapes/Shape_Pipe.uasset" 193
"D:/Runner/Content/StarterContent/Shapes/Shape_Pipe_180.uasset" 194
"D:/Runner/Content/StarterContent/Shapes/Shape_Pipe_90.uasset" 195
"D:/Runner/Content/StarterContent/Shapes/Shape_Plane.uasset" 196
"D:/Runner/Content/StarterContent/Textures/T_MacroVariation.uasset" 197
"D:/Runner/Content/StarterContent/Textures/T_Metal_Gold_D.uasset" 198
"D:/Runner/Content/StarterContent/Textures/T_Metal_Gold_N.uasset" 199
"D:/Runner/Content/StarterContent/Materials/M_Metal_Gold.uasset" 200
"D:/Runner/Content/StarterContent/Shapes/Shape_Torus.uasset" 201
"D:/Runner/Content/StarterContent/Shapes/Shape_Trim.uasset" 202
"D:/Runner/Content/StarterContent/Shapes/Shape_Trim_90_In.uasset" 203
"D:/Runner/Content/StarterContent/Shapes/Shape_Trim_90_Out.uasset" 204
"D:/Runner/Content/StarterContent/Shapes/Shape_TriPyramid.uasset" 205
"D:/Runner/Content/StarterContent/Shapes/Shape_Tube.uasset" 206
"D:/Runner/Content/StarterContent/Shapes/Shape_Wedge_A.uasset" 207
"D:/Runner/Content/StarterContent/Shapes/Shape_WideCapsule.uasset" 208
"D:/Runner/Content/ThirdPersonBP/Blueprints/ThirdPersonCharacter.uasset" 209
"../../../Engine/Content/Animation/DefaultAnimCurveCompressionSettings.uasset" 210
"../../../Engine/Content/Functions/Engine_MaterialFunctions01/Opacity/CameraDepthFade.uasset" 211
"../../../Engine/Content/EngineMaterials/T_Default_Material_Grid_M.uasset" 212
"../../../Engine/Content/EngineMaterials/T_Default_Material_Grid_N.uasset" 213
"../../../Engine/Content/EngineMaterials/WorldGridMaterial.uasset" 214
"../../../Engine/Content/ArtTools/RenderToTexture/Meshes/S_1_Unit_Plane.uasset" 215
"../../../Engine/Content/EngineMaterials/DefaultMaterial.uasset" 216
"../../../Engine/Content/BasicShapes/Cone.uasset" 217
"../../../Engine/Content/BasicShapes/Cylinder.uasset" 218
"../../../Engine/Content/BasicShapes/Sphere.uasset" 219
"../../../Engine/Content/EditorLandscapeResources/DataLayer.uasset" 220
"../../../Engine/Content/EditorMaterials/GizmoMaterial.uasset" 221
"../../../Engine/Content/EditorMaterials/MAT_Groups_Toggle.uasset" 222
"../../../Engine/Content/EditorMaterials/MAT_Groups_Visibility.uasset" 223
"../../../Engine/Content/EditorMaterials/PreviewShadowIndicator.uasset" 224
"../../../Engine/Content/EditorMaterials/PreviewShadowIndicatorMaterial.uasset" 225
"../../../Engine/Content/EditorMaterials/MatineeGroups/MAT_ColorTrack.uasset" 226
"../../../Engine/Content/EditorMaterials/MatineeGroups/MAT_Groups_Anim.uasset" 227
"../../../Engine/Content/EditorMaterials/MatineeGroups/MAT_Groups_AudioMaster.uasset" 228
"../../../Engine/Content/EditorMaterials/MatineeGroups/MAT_Groups_Director.uasset" 229
"../../../Engine/Content/EditorMaterials/MatineeGroups/MAT_Groups_Event.uasset" 230
"../../../Engine/Content/EditorMaterials/MatineeGroups/MAT_Groups_Fade.uasset" 231
"../../../Engine/Content/EditorMaterials/MatineeGroups/MAT_Groups_Float.uasset" 232
"../../../Engine/Content/EditorMaterials/MatineeGroups/MAT_Groups_Move.uasset" 233
"../../../Engine/Content/EditorMaterials/MatineeGroups/MAT_Groups_Slomo.uasset" 234
"../../../Engine/Content/EditorMaterials/MatineeGroups/MAT_Groups_Sound.uasset" 235
"../../../Engine/Content/EditorMaterials/MatineeGroups/MAT_Groups_Vector.uasset" 236
"../../../Engine/Content/EditorMaterials/ParticleSystems/PSysThumbnail_NoImage.uasset" 237
"../../../Engine/Content/EditorMaterials/ParticleSystems/PSysThumbnail_OOD.uasset" 238
"../../../Engine/Content/EditorMaterials/Camera/CineMat.uasset" 239
"../../../Engine/Content/EditorMaterials/Camera/MI_CineMat_Rig.uasset" 240
"../../../Engine/Content/EditorMeshes/Camera/SM_CraneRig_Arm.uasset" 241
"../../../Engine/Content/EditorMeshes/Camera/SM_CraneRig_Base.uasset" 242
"../../../Engine/Content/EditorMeshes/Camera/SM_CraneRig_Body.uasset" 243
"../../../Engine/Content/EditorMeshes/Camera/SM_CraneRig_Mount.uasset" 244
"../../../Engine/Content/EditorMeshes/Camera/SM_RailRig_Mount.uasset" 245
"../../../Engine/Content/EditorMeshes/Camera/SM_RailRig_Track.uasset" 246
"../../../Engine/Content/EditorResources/BSPVertex.uasset" 247
"../../../Engine/Content/EditorResources/EmptyActor.uasset" 248
"../../../Engine/Content/EditorResources/S_Actor.uasset" 249
"../../../Engine/Content/EditorResources/S_Note.uasset" 250
"../../../Engine/Content/EditorResources/S_Trigger.uasset" 251
"../../../Engine/Content/EditorResources/AudioIcons/S_AudioComponent.uasset" 252
"../../../Engine/Content/EditorResources/AudioIcons/S_AudioComponent_AutoActivate.uasset" 253
"../../../Engine/Content/EditorResources/LightIcons/S_LightError.uasset" 254
"../../../Engine/Content/EditorResources/SequenceRecorder/Countdown.uasset" 255
"../../../Engine/Content/EditorResources/SequenceRecorder/RecordingIndicator.uasset" 256
"../../../Engine/Content/EditorSounds/Notifications/CompileFailed.uasset" 257
"../../../Engine/Content/EditorSounds/Notifications/CompileFailed_Cue.uasset" 258
"../../../Engine/Content/EditorSounds/Notifications/CompileSuccess.uasset" 259
"../../../Engine/Content/EditorSounds/Notifications/CompileStart_Cue.uasset" 260
"../../../Engine/Content/EditorSounds/Notifications/CompileSuccess_Cue.uasset" 261
"../../../Engine/Content/EngineDamageTypes/DmgTypeBP_Environmental.uasset" 262
"../../../Engine/Content/EngineDebugMaterials/HeatmapGradient.uasset" 263
"../../../Engine/Content/EngineDebugMaterials/BoneWeightMaterial.uasset" 264
"../../../Engine/Content/EngineDebugMaterials/ClothMaterial.uasset" 265
"../../../Engine/Content/EngineDebugMaterials/ClothMaterial_WF.uasset" 266
"../../../Engine/Content/EngineDebugMaterials/DebugEditorMaterial.uasset" 267
"../../../Engine/Content/EngineDebugMaterials/DebugMeshMaterial.uasset" 268
"../../../Engine/Content/EngineDebugMaterials/GeomMaterial.uasset" 269
"../../../Engine/Content/EngineDebugMaterials/M_SimpleTranslucent.uasset" 270
"../../../Engine/Content/EngineFonts/Faces/RobotoBold.uasset" 271
"../../../Engine/Content/EngineFonts/Faces/RobotoBoldItalic.uasset" 272
"../../../Engine/Content/EngineFonts/Faces/RobotoItalic.uasset" 273
"../../../Engine/Content/EngineFonts/Faces/RobotoLight.uasset" 274
"../../../Engine/Content/EngineFonts/Faces/RobotoRegular.uasset" 275
"../../../Engine/Content/EngineFonts/Roboto.uasset" 276
"../../../Engine/Content/EngineFonts/Faces/RobotoTiny.uasset" 277
"../../../Engine/Content/EngineFonts/RobotoTiny.uasset" 278
"../../../Engine/Content/EngineMaterials/BaseFlattenDiffuseMap.uasset" 279
"../../../Engine/Content/EngineMaterials/BaseFlattenEmissiveMap.uasset" 280
"../../../Engine/Content/EngineMaterials/BaseFlattenGrayscaleMap.uasset" 281
"../../../Engine/Content/EngineMaterials/BaseFlattenNormalMap.uasset" 282
"../../../Engine/Content/EngineMaterials/BaseFlattenMaterial.uasset" 283
"../../../Engine/Content/EngineMaterials/DefaultBloomKernel.uasset" 284
"../../../Engine/Content/EngineMaterials/DefaultBokeh.uasset" 285
"../../../Engine/Content/EngineMaterials/DefaultDiffuse.uasset" 286
"../../../Engine/Content/EngineMaterials/DefaultDeferredDecalMaterial.uasset" 287
"../../../Engine/Content/EngineMaterials/DefaultLightFunctionMaterial.uasset" 288
"../../../Engine/Content/EngineMaterials/DefaultPhysicalMaterial.uasset" 289
"../../../Engine/Content/Functions/Engine_MaterialFunctions02/Utility/BreakOutFloat2Components.uasset" 290
"../../../Engine/Content/EngineMaterials/DefaultPostProcessMaterial.uasset" 291
"../../../Engine/Content/EngineFonts/RobotoDistanceField.uasset" 292
"../../../Engine/Content/EngineMaterials/DefaultTextMaterialOpaque.uasset" 293
"../../../Engine/Content/EngineMaterials/DefaultWhiteGrid.uasset" 294
"../../../Engine/Content/EngineMaterials/EditorBrushMaterial.uasset" 295
"../../../Engine/Content/EngineMaterials/MiniFont.uasset" 296
"../../../Engine/Content/EngineMaterials/InvalidLightmapSettings.uasset" 297
"../../../Engine/Content/EngineMaterials/M_InvalidLightmapSettings.uasset" 298
"../../../Engine/Content/Functions/Engine_MaterialFunctions02/WorldPositionOffset/CameraOffset.uasset" 299
"../../../Engine/Content/EngineMaterials/PhAT_JointLimitMaterial.uasset" 300
"../../../Engine/Content/EngineMaterials/PreintegratedSkinBRDF.uasset" 301
"../../../Engine/Content/EngineMaterials/RemoveSurfaceMaterial.uasset" 302
"../../../Engine/Content/EngineMaterials/WeightMapPlaceholderTexture.uasset" 303
"../../../Engine/Content/EngineResources/WhiteSquareTexture.uasset" 304
"../../../Engine/Content/EngineMaterials/Widget3DPassThrough.uasset" 305
"../../../Engine/Content/EngineMaterials/Widget3DPassThrough_Masked.uasset" 306
"../../../Engine/Content/EngineMaterials/Widget3DPassThrough_Opaque.uasset" 307
"../../../Engine/Content/EngineMaterials/Widget3DPassThrough_Masked_OneSided.uasset" 308
"../../../Engine/Content/EngineMaterials/Widget3DPassThrough_Opaque_OneSided.uasset" 309
"../../../Engine/Content/EngineMaterials/Widget3DPassThrough_Translucent.uasset" 310
"../../../Engine/Content/EngineMaterials/Widget3DPassThrough_Translucent_OneSided.uasset" 311
"../../../Engine/Content/EngineMeshes/Cylinder.uasset" 312
"../../../Engine/Content/EngineMeshes/Sphere.uasset" 313
"../../../Engine/Content/EngineResources/Black.uasset" 314
"../../../Engine/Content/EngineResources/DefaultTextureCube.uasset" 315
"../../../Engine/Content/EngineResources/DefaultVolumeTexture2D.uasset" 316
"../../../Engine/Content/EngineResources/DefaultVolumeTexture.uasset" 317
"../../../Engine/Content/EngineResources/GradientTexture0.uasset" 318
"../../../Engine/Content/EngineSounds/Master.uasset" 319
"../../../Engine/Content/Functions/Engine_MaterialFunctions01/Shading/PowerToRoughness.uasset" 320
"../../../Engine/Content/Maps/Templates/Thumbnails/Default.uasset" 321
"../../../Engine/Content/Maps/Templates/Thumbnails/VR-Basic.uasset" 322
"../../../Engine/Content/MobileResources/T_MobileControls_texture.uasset" 323
"../../../Engine/Content/MobileResources/T_MobileMenu2.uasset" 324
"../../../Engine/Content/MobileResources/HUD/AnalogHat.uasset" 325
"../../../Engine/Content/MobileResources/HUD/VirtualJoystick_Background.uasset" 326
"../../../Engine/Content/MobileResources/HUD/VirtualJoystick_Thumb.uasset" 327
"../../../Engine/Content/MobileResources/HUD/DefaultVirtualJoysticks.uasset" 328
"../../../Engine/Content/MobileResources/HUD/LeftVirtualJoystickOnly.uasset" 329
"../../../Engine/Content/MobileResources/HUD/MobileHUDButton1_off.uasset" 330
"../../../Engine/Content/MobileResources/HUD/MobileHUDButton1_on.uasset" 331
"../../../Engine/Content/MobileResources/HUD/MobileHUDButton2_off.uasset" 332
"../../../Engine/Content/MobileResources/HUD/MobileHUDButton2_on.uasset" 333
"../../../Engine/Content/MobileResources/HUD/MobileHUDButton3.uasset" 334
"../../../Engine/Content/MobileResources/HUD/MobileHUDButtonFire.uasset" 335
"../../../Engine/Content/MobileResources/HUD/MobileHUDDirectionPad.uasset" 336
"../../../Engine/Content/MobileResources/HUD/MobileHUDDirectionPad2.uasset" 337
"../../../Engine/Content/MobileResources/HUD/MobileHUDDirectionPad3.uasset" 338
"../../../Engine/Content/MobileResources/HUD/MobileHUDDirectionStick.uasset" 339
"../../../Engine/Content/MobileResources/HUD/T_Castle_ThumbstickInner.uasset" 340
"../../../Engine/Content/MobileResources/HUD/T_Castle_ThumbstickOutter.uasset" 341
"../../../Engine/Content/Tutorial/ContentIntroCurve.uasset" 342
"../../../Engine/Content/Tutorial/Basics/LevelEditorAttract.uasset" 343
"../../../Engine/Content/Tutorial/Installation/InstallingVisualStudioTutorial.uasset" 344
"../../../Engine/Content/VREditor/LaserPointer/VR_LaserPower_01.uasset" 345
"../../../Engine/Content/VREditor/TransformGizmo/TransformGizmoMaterial.uasset" 346
"../../../Engine/Content/VREditor/TransformGizmo/TranslucentTransformGizmoMaterial.uasset" 347
"../../../Engine/Content/VREditor/TransformGizmo/BoundingBoxCorner.uasset" 348
"../../../Engine/Content/VREditor/TransformGizmo/BoundingBoxEdge.uasset" 349
"../../../Engine/Content/VREditor/TransformGizmo/PlaneTranslationHandle.uasset" 350
"../../../Engine/Content/VREditor/TransformGizmo/Main.uasset" 351
"../../../Engine/Content/VREditor/TransformGizmo/Xray.uasset" 352
"../../../Engine/Content/VREditor/TransformGizmo/SM_Sequencer_Key.uasset" 353
"../../../Engine/Content/VREditor/TransformGizmo/SM_Sequencer_Node.uasset" 354
"../../Plugins/2D/Paper2D/Content/PlaceholderTextures/DummySpriteTexture.uasset" 355
"../../Plugins/2D/Paper2D/Content/DummySprite.uasset" 356
"../../Plugins/2D/Paper2D/Content/DefaultPaperTerrainMaterial.uasset" 357
"../../Plugins/2D/Paper2D/Content/DummySpriteTexture.uasset" 358
"../../Plugins/2D/Paper2D/Content/DefaultSpriteMaterial.uasset" 359
"../../Plugins/2D/Paper2D/Content/MaskedUnlitSpriteMaterial.uasset" 360
"../../Plugins/2D/Paper2D/Content/OpaqueUnlitSpriteMaterial.uasset" 361
"../../Plugins/Runtime/Oculus/OculusVR/Content/OculusMR_RenderTarget.uasset" 362
"../../../Engine/Content/Functions/Engine_MaterialFunctions02/Utility/BreakOutFloat4Components.uasset" 363
"../../../Engine/Content/Functions/Engine_MaterialFunctions02/Utility/MakeFloat2.uasset" 364
"../../../Engine/Content/Functions/Engine_MaterialFunctions02/Utility/MakeFloat3.uasset" 365
"../../Plugins/Runtime/Oculus/OculusVR/Content/Materials/OculusMR_ChromaKey.uasset" 366
"../../Plugins/Runtime/Oculus/OculusVR/Content/Materials/OculusMR_ChromaKey_Lit.uasset" 367
"../../Plugins/Runtime/Oculus/OculusVR/Content/Materials/OculusMR_OpaqueColoredMaterial.uasset" 368
"../../Plugins/Runtime/Oculus/OculusVR/Content/Materials/OculusMR_WhiteMaterial.uasset" 369
"../../Plugins/Runtime/Oculus/OculusVR/Content/Materials/PokeAHoleMaterial.uasset" 370
"../../Plugins/Runtime/Oculus/OculusVR/Content/Textures/GearVRController_AO.uasset" 371
"../../Plugins/Runtime/Oculus/OculusVR/Content/Textures/GearVRController_Color.uasset" 372
"../../Plugins/Runtime/Oculus/OculusVR/Content/Textures/GearVRController_Normal.uasset" 373
"../../Plugins/Runtime/Oculus/OculusVR/Content/Materials/GearVRControllerMaterial.uasset" 374
"../../Plugins/Runtime/Oculus/OculusVR/Content/Meshes/GearVrController.uasset" 375
"../../Plugins/Runtime/Oculus/OculusVR/Content/Textures/touchController_albedo.uasset" 376
"../../Plugins/Runtime/Oculus/OculusVR/Content/Textures/touchController_controlmap.uasset" 377
"../../Plugins/Runtime/Oculus/OculusVR/Content/Materials/touchController_mat.uasset" 378
"../../Plugins/Runtime/Oculus/OculusVR/Content/Meshes/LeftTouchController.uasset" 379
"../../Plugins/Runtime/Oculus/OculusVR/Content/Meshes/RiftHMD.uasset" 380
"../../Plugins/Runtime/Oculus/OculusVR/Content/Meshes/RightTouchController.uasset" 381
"../../../Engine/Content/EngineSky/C_Sky_Cloud_Color.uasset" 382
"../../../Engine/Content/EngineSky/C_Sky_Horizon_Color.uasset" 383
"../../../Engine/Content/EngineSky/C_Sky_Zenith_Color.uasset" 384
"../../../Engine/Content/EngineSky/T_Sky_Blue.uasset" 385
"../../../Engine/Content/EngineSky/T_Sky_Clouds_M.uasset" 386
"../../../Engine/Content/EngineSky/T_Sky_Stars.uasset" 387
"../../../Engine/Content/EngineSky/M_Sky_Panning_Clouds2.uasset" 388
"../../../Engine/Content/EngineSky/SM_SkySphere.uasset" 389
"../../../Engine/Content/EngineSky/BP_Sky_Sphere.uasset" 390
"D:/Runner/Content/AnimalVarietyPack/Crow/Maps/Overview_BuiltData.uasset" 391
"../../../Engine/Content/MapTemplates/SM_Template_Map_Floor.uasset" 392
"D:/Runner/Content/AnimalVarietyPack/Crow/Maps/Overview.umap" 393
"D:/Runner/Content/AnimalVarietyPack/Fox/Meshes/SK_Fox_Skeleton.uasset" 394
"D:/Runner/Content/AnimalVarietyPack/Fox/Animations/ANIM_Fox_JumpBite_RM.uasset" 395
"D:/Runner/Content/AnimalVarietyPack/Fox/Maps/Overview_BuiltData.uasset" 396
"D:/Runner/Content/AnimalVarietyPack/Fox/Textures/T_Fox_BaseColor.uasset" 397
"D:/Runner/Content/AnimalVarietyPack/Fox/Textures/T_Fox_Nml.uasset" 398
"D:/Runner/Content/AnimalVarietyPack/Fox/Textures/T_Fox_OcclusionRoughnessMetallic.uasset" 399
"D:/Runner/Content/AnimalVarietyPack/Fox/Textures/T_Fox_Specular.uasset" 400
"D:/Runner/Content/AnimalVarietyPack/Fox/Materials/M_Fox.uasset" 401
"D:/Runner/Content/AnimalVarietyPack/Fox/Materials/M_FoxFur.uasset" 402
"D:/Runner/Content/AnimalVarietyPack/Fox/Meshes/SK_Fox_PhysicsAsset.uasset" 403
"D:/Runner/Content/AnimalVarietyPack/Fox/Meshes/SK_Fox.uasset" 404
"D:/Runner/Content/AnimalVarietyPack/Fox/Maps/Overview.umap" 405
"D:/Runner/Content/AnimalVarietyPack/Wolf/Maps/Overview_BuiltData.uasset" 406
"D:/Runner/Content/AnimalVarietyPack/Wolf/Textures/T_WolfArctic_BaseColorAlpha.uasset" 407
"D:/Runner/Content/AnimalVarietyPack/Wolf/Materials/M_WolfArctic.uasset" 408
"D:/Runner/Content/AnimalVarietyPack/Wolf/Textures/T_WolfDark_BaseColorAlpha.uasset" 409
"D:/Runner/Content/AnimalVarietyPack/Wolf/Textures/T_WolfDark_Illum.uasset" 410
"D:/Runner/Content/AnimalVarietyPack/Wolf/Materials/M_WolfDark.uasset" 411
"D:/Runner/Content/AnimalVarietyPack/Wolf/Materials/M_WolfFurArctic.uasset" 412
"D:/Runner/Content/AnimalVarietyPack/Wolf/Materials/M_WolfFurDark.uasset" 413
"D:/Runner/Content/AnimalVarietyPack/Wolf/Maps/Overview.umap" 414
"D:/Runner/Content/Lv/Menu_BuiltData.uasset" 415
"../../../Engine/Content/BasicShapes/BasicShapeMaterial.uasset" 416
"../../../Engine/Content/BasicShapes/Cube.uasset" 417
"D:/Runner/Content/StarterContent/Audio/Explosion01.uasset" 418
"D:/Runner/Content/UMG/logo2oficial.uasset" 419
"D:/Runner/Content/BP/Menu.uasset" 420
"D:/Runner/Content/Lv/Menu.umap" 421
"D:/Runner/Content/BP/BP_Blocker.uasset" 422
"D:/Runner/Content/Sound/alma.uasset" 423
"D:/Runner/Content/StarterContent/Textures/T_Fire_SubUV.uasset" 424
"D:/Runner/Content/StarterContent/Textures/T_Fire_Tiled_D.uasset" 425
"D:/Runner/Content/StarterContent/Particles/Materials/M_Fire_SubUV.uasset" 426
"D:/Runner/Content/StarterContent/Textures/T_Water_N.uasset" 427
"D:/Runner/Content/StarterContent/Particles/Materials/M_Heat_Distortion.uasset" 428
"D:/Runner/Content/StarterContent/Particles/Materials/M_Radial_Gradient.uasset" 429
"D:/Runner/Content/StarterContent/Particles/P_Fire.uasset" 430
"D:/Runner/Content/BP/BP_Item.uasset" 431
"../../../Engine/Content/BasicShapes/Plane.uasset" 432
"D:/Runner/Content/FloorTile/BP_FloorTile.uasset" 433
"D:/Runner/Content/FloorTile/BP_FloorTile_Left_Corner.uasset" 434
"D:/Runner/Content/StarterContent/Shapes/Shape_Wedge_B.uasset" 435
"D:/Runner/Content/FloorTile/BP_FloorTile_Ramp_Down.uasset" 436
"D:/Runner/Content/FloorTile/BP_FloorTile_Ramp_Up.uasset" 437
"D:/Runner/Content/FloorTile/BP_FloorTile_Right_Corner.uasset" 438
"D:/Runner/Content/UMG/RUNHud.uasset" 439
"D:/Runner/Content/ThirdPersonBP/Blueprints/RunGameMode.uasset" 440
"D:/Runner/Content/Lv/Runner_BuiltData.uasset" 441
"D:/Runner/Content/Lv/Runner.umap" 442
"D:/Runner/Content/StarterContent/Blueprints/Assets/FogBrightnessLUT.uasset" 443
"D:/Runner/Content/StarterContent/Blueprints/Assets/SunlightColorLUT.uasset" 444
"D:/Runner/Content/StarterContent/Blueprints/Assets/M_LightStage_Arrows.uasset" 445
"../../../Engine/Content/MapTemplates/Sky/DaylightAmbientCubemap.uasset" 446
"D:/Runner/Content/StarterContent/Blueprints/Assets/M_LightStage_Skybox_Master.uasset" 447
"D:/Runner/Content/StarterContent/Blueprints/Assets/M_LightStage_Skybox_Black.uasset" 448
"D:/Runner/Content/StarterContent/Blueprints/Assets/M_LightStage_Skybox_HDRI.uasset" 449
"../../../Engine/Content/EditorMaterials/Thumbnails/SkySphereMaterial.uasset" 450
"D:/Runner/Content/StarterContent/Blueprints/Assets/Skybox.uasset" 451
"D:/Runner/Content/StarterContent/Blueprints/Assets/SM_Arrows.uasset" 452
"D:/Runner/Content/StarterContent/HDRI/HDRI_Epic_Courtyard_Daylight.uasset" 453
"D:/Runner/Content/StarterContent/Blueprints/BP_LightStudio.uasset" 454
"D:/Runner/Content/StarterContent/Maps/Advanced_Lighting_BuiltData.uasset" 455
"D:/Runner/Content/StarterContent/Materials/M_AssetPlatform.uasset" 456
"../../../Engine/Content/EditorMeshes/ColorCalibrator/M_ChromeBall.uasset" 457
"../../../Engine/Content/EditorMeshes/ColorCalibrator/M_ClearCoat.uasset" 458
"../../../Engine/Content/EditorMeshes/ColorCalibrator/M_ClearCoatBlack.uasset" 459
"../../../Engine/Content/EditorMeshes/ColorCalibrator/Color_checker.uasset" 460
"../../../Engine/Content/EditorMeshes/ColorCalibrator/M_ColorGrid.uasset" 461
"../../../Engine/Content/EditorMeshes/ColorCalibrator/M_GreyBall.uasset" 462
"../../../Engine/Content/EditorMeshes/ColorCalibrator/SM_ColorCalibrator.uasset" 463
"D:/Runner/Content/StarterContent/Architecture/SM_AssetPlatform.uasset" 464
"D:/Runner/Content/StarterContent/Maps/Advanced_Lighting.umap" 465
"D:/Runner/Content/StarterContent/Maps/Minimal_Default_BuiltData.uasset" 466
"D:/Runner/Content/StarterContent/Materials/M_Metal_Brushed_Nickel.uasset" 467
"D:/Runner/Content/StarterContent/Textures/T_Metal_Aluminum_D.uasset" 468
"D:/Runner/Content/StarterContent/Materials/M_Metal_Burnished_Steel.uasset" 469
"D:/Runner/Content/StarterContent/Textures/T_Metal_Copper_D.uasset" 470
"D:/Runner/Content/StarterContent/Materials/M_Metal_Copper.uasset" 471
"D:/Runner/Content/StarterContent/Textures/T_Statue_M.uasset" 472
"D:/Runner/Content/StarterContent/Textures/T_Statue_N.uasset" 473
"D:/Runner/Content/StarterContent/Props/Materials/M_StatueGlass.uasset" 474
"D:/Runner/Content/StarterContent/Architecture/Floor_400x400.uasset" 475
"D:/Runner/Content/StarterContent/Audio/Starter_Background_Cue.uasset" 476
"D:/Runner/Content/StarterContent/Props/SM_Chair.uasset" 477
"D:/Runner/Content/StarterContent/Props/Materials/M_Statue.uasset" 478
"D:/Runner/Content/StarterContent/Props/SM_Statue.uasset" 479
"D:/Runner/Content/StarterContent/Textures/T_TableRound_M.uasset" 480
"D:/Runner/Content/StarterContent/Textures/T_TableRound_N.uasset" 481
"D:/Runner/Content/StarterContent/Props/Materials/M_TableRound.uasset" 482
"D:/Runner/Content/StarterContent/Props/SM_TableRound.uasset" 483
"D:/Runner/Content/StarterContent/Maps/Minimal_Default.umap" 484
"D:/Runner/Content/StarterContent/Audio/Fire01_Cue.uasset" 485
"D:/Runner/Content/StarterContent/Blueprints/Blueprint_Effect_Fire.uasset" 486
"D:/Runner/Content/StarterContent/Audio/Smoke01_Cue.uasset" 487
"D:/Runner/Content/StarterContent/Particles/P_Smoke.uasset" 488
"D:/Runner/Content/StarterContent/Blueprints/Blueprint_Effect_Smoke.uasset" 489
"D:/Runner/Content/StarterContent/Audio/Fire_Sparks01_Cue.uasset" 490
"D:/Runner/Content/StarterContent/Textures/T_Spark_Core.uasset" 491
"D:/Runner/Content/StarterContent/Particles/Materials/M_Spark.uasset" 492
"D:/Runner/Content/StarterContent/Particles/P_Sparks.uasset" 493
"D:/Runner/Content/StarterContent/Blueprints/Blueprint_Effect_Sparks.uasset" 494
"D:/Runner/Content/StarterContent/Audio/Steam01_Cue.uasset" 495
"D:/Runner/Content/StarterContent/Particles/P_Steam_Lit.uasset" 496
"D:/Runner/Content/StarterContent/Blueprints/Blueprint_Effect_Steam.uasset" 497
"D:/Runner/Content/StarterContent/Textures/T_Lamp_M.uasset" 498
"D:/Runner/Content/StarterContent/Textures/T_Lamp_N.uasset" 499
"D:/Runner/Content/StarterContent/Props/Materials/M_Lamp.uasset" 500
"D:/Runner/Content/StarterContent/Props/SM_Lamp_Ceiling.uasset" 501
"D:/Runner/Content/StarterContent/Blueprints/Blueprint_CeilingLight.uasset" 502
"D:/Runner/Content/StarterContent/Props/SM_Lamp_Wall.uasset" 503
"D:/Runner/Content/StarterContent/Blueprints/Blueprint_WallSconce.uasset" 504
"D:/Runner/Content/StarterContent/Maps/StarterMap_BuiltData.uasset" 505
"../../../Engine/Content/Functions/Engine_MaterialFunctions03/Procedurals/ComputeFilterWidth.uasset" 506
"../../../Engine/Content/EngineMaterials/AntiAliasedTextMaterialTranslucent.uasset" 507
"D:/Runner/Content/StarterContent/Textures/T_Brick_Clay_Beveled_D.uasset" 508
"D:/Runner/Content/StarterContent/Textures/T_Brick_Clay_Beveled_M.uasset" 509
"D:/Runner/Content/StarterContent/Textures/T_Brick_Clay_Beveled_N.uasset" 510
"D:/Runner/Content/StarterContent/Materials/M_Brick_Clay_Beveled.uasset" 511
"D:/Runner/Content/StarterContent/Textures/T_Brick_Clay_New_D.uasset" 512
"D:/Runner/Content/StarterContent/Textures/T_Brick_Clay_New_M.uasset" 513
"D:/Runner/Content/StarterContent/Textures/T_Brick_Clay_New_N.uasset" 514
"D:/Runner/Content/StarterContent/Materials/M_Brick_Clay_New.uasset" 515
"D:/Runner/Content/StarterContent/Textures/T_Brick_Clay_Old_D.uasset" 516
"D:/Runner/Content/StarterContent/Textures/T_Brick_Clay_Old_N.uasset" 517
"D:/Runner/Content/StarterContent/Textures/T_Perlin_Noise_M.uasset" 518
"D:/Runner/Content/StarterContent/Materials/M_Brick_Clay_Old.uasset" 519
"D:/Runner/Content/StarterContent/Textures/T_Brick_Cut_Stone_D.uasset" 520
"D:/Runner/Content/StarterContent/Textures/T_Brick_Cut_Stone_N.uasset" 521
"D:/Runner/Content/StarterContent/Materials/M_Brick_Cut_Stone.uasset" 522
"D:/Runner/Content/StarterContent/Textures/T_Brick_Hewn_Stone_D.uasset" 523
"D:/Runner/Content/StarterContent/Textures/T_Brick_Hewn_Stone_M.uasset" 524
"D:/Runner/Content/StarterContent/Textures/T_Brick_Hewn_Stone_N.uasset" 525
"D:/Runner/Content/StarterContent/Materials/M_Brick_Hewn_Stone.uasset" 526
"D:/Runner/Content/StarterContent/Textures/T_Ceramic_Tile_M.uasset" 527
"D:/Runner/Content/StarterContent/Textures/T_Ceramic_Tile_N.uasset" 528
"D:/Runner/Content/StarterContent/Textures/T_Rock_Marble_Polished_D.uasset" 529
"D:/Runner/Content/StarterContent/Materials/M_Ceramic_Tile_Checker.uasset" 530
"D:/Runner/Content/StarterContent/Textures/T_CobbleStone_Pebble_D.uasset" 531
"D:/Runner/Content/StarterContent/Textures/T_CobbleStone_Pebble_M.uasset" 532
"D:/Runner/Content/StarterContent/Textures/T_CobbleStone_Pebble_N.uasset" 533
"D:/Runner/Content/StarterContent/Materials/M_CobbleStone_Pebble.uasset" 534
"D:/Runner/Content/StarterContent/Textures/T_CobbleStone_Rough_D.uasset" 535
"D:/Runner/Content/StarterContent/Textures/T_CobbleStone_Rough_N.uasset" 536
"D:/Runner/Content/StarterContent/Textures/T_Gradinet_01.uasset" 537
"D:/Runner/Content/StarterContent/Textures/T_Rock_Smooth_Granite_D.uasset" 538
"D:/Runner/Content/StarterContent/Materials/M_CobbleStone_Rough.uasset" 539
"D:/Runner/Content/StarterContent/Textures/T_CobbleStone_Smooth_D.uasset" 540
"D:/Runner/Content/StarterContent/Textures/T_CobbleStone_Smooth_M.uasset" 541
"D:/Runner/Content/StarterContent/Textures/T_CobbleStone_Smooth_N.uasset" 542
"D:/Runner/Content/StarterContent/Materials/M_CobbleStone_Smooth.uasset" 543
"D:/Runner/Content/StarterContent/Textures/T_Concrete_Grime_D.uasset" 544
"D:/Runner/Content/StarterContent/Textures/T_Metal_Rust_N.uasset" 545
"D:/Runner/Content/StarterContent/Materials/M_Concrete_Grime.uasset" 546
"D:/Runner/Content/StarterContent/Textures/T_Concrete_Panels_D.uasset" 547
"D:/Runner/Content/StarterContent/Textures/T_Concrete_Panels_N.uasset" 548
"D:/Runner/Content/StarterContent/Materials/M_Concrete_Panels.uasset" 549
"D:/Runner/Content/StarterContent/Textures/T_Concrete_Poured_D.uasset" 550
"D:/Runner/Content/StarterContent/Textures/T_Concrete_Poured_N.uasset" 551
"D:/Runner/Content/StarterContent/Materials/M_Concrete_Poured.uasset" 552
"D:/Runner/Content/StarterContent/Textures/T_Concrete_Tiles_D.uasset" 553
"D:/Runner/Content/StarterContent/Textures/T_Concrete_Tiles_M.uasset" 554
"D:/Runner/Content/StarterContent/Textures/T_Concrete_Tiles_N.uasset" 555
"D:/Runner/Content/StarterContent/Textures/T_Concrete_Tiles_Variation_M.uasset" 556
"D:/Runner/Content/StarterContent/Materials/M_Concrete_Tiles.uasset" 557
"D:/Runner/Content/StarterContent/Textures/T_Ground_Grass_D.uasset" 558
"D:/Runner/Content/StarterContent/Textures/T_Ground_Grass_N.uasset" 559
"D:/Runner/Content/StarterContent/Materials/M_Ground_Grass.uasset" 560
"D:/Runner/Content/StarterContent/Textures/T_Ground_Gravel_D.uasset" 561
"D:/Runner/Content/StarterContent/Textures/T_Ground_Gravel_N.uasset" 562
"D:/Runner/Content/StarterContent/Materials/M_Ground_Gravel.uasset" 563
"D:/Runner/Content/StarterContent/Textures/T_ground_Moss_D.uasset" 564
"D:/Runner/Content/StarterContent/Textures/T_Ground_Moss_N.uasset" 565
"D:/Runner/Content/StarterContent/Materials/M_Ground_Moss.uasset" 566
"D:/Runner/Content/StarterContent/Materials/M_Metal_Chrome.uasset" 567
"D:/Runner/Content/StarterContent/Textures/T_Metal_Rust_D.uasset" 568
"D:/Runner/Content/StarterContent/Materials/M_Metal_Rust.uasset" 569
"D:/Runner/Content/StarterContent/Textures/T_Metal_Steel_D.uasset" 570
"D:/Runner/Content/StarterContent/Textures/T_Metal_Steel_N.uasset" 571
"D:/Runner/Content/StarterContent/Materials/M_Metal_Steel.uasset" 572
"D:/Runner/Content/StarterContent/Textures/T_Rock_Basalt_N.uasset" 573
"D:/Runner/Content/StarterContent/Materials/M_Rock_Basalt.uasset" 574
"D:/Runner/Content/StarterContent/Materials/M_Rock_Marble_Polished.uasset" 575
"D:/Runner/Content/StarterContent/Textures/T_Rock_Sandstone_D.uasset" 576
"D:/Runner/Content/StarterContent/Textures/T_Rock_Sandstone_N.uasset" 577
"D:/Runner/Content/StarterContent/Materials/M_Rock_Sandstone.uasset" 578
"D:/Runner/Content/StarterContent/Textures/T_Rock_Slate_D.uasset" 579
"D:/Runner/Content/StarterContent/Textures/T_Rock_Slate_N.uasset" 580
"D:/Runner/Content/StarterContent/Materials/M_Rock_Slate.uasset" 581
"D:/Runner/Content/StarterContent/Textures/T_Checker_Noise_M.uasset" 582
"D:/Runner/Content/StarterContent/Textures/T_Single_Tile_N.uasset" 583
"D:/Runner/Content/StarterContent/Textures/T_Tech_Dot_M.uasset" 584
"D:/Runner/Content/StarterContent/Textures/T_Tech_Dot_N.uasset" 585
"D:/Runner/Content/StarterContent/Materials/M_Tech_Checker_Dot.uasset" 586
"D:/Runner/Content/StarterContent/Textures/T_Tech_Hex_Tile_M.uasset" 587
"D:/Runner/Content/StarterContent/Textures/T_Tech_Hex_Tile_N.uasset" 588
"D:/Runner/Content/StarterContent/Materials/M_Tech_Hex_Tile.uasset" 589
"D:/Runner/Content/StarterContent/Materials/M_Tech_Hex_Tile_Pulse.uasset" 590
"D:/Runner/Content/StarterContent/Textures/T_Tech_Panel_M.uasset" 591
"D:/Runner/Content/StarterContent/Textures/T_Tech_Panel_N.uasset" 592
"D:/Runner/Content/StarterContent/Materials/M_Tech_Panel.uasset" 593
"D:/Runner/Content/StarterContent/Materials/M_Water_Lake.uasset" 594
"D:/Runner/Content/StarterContent/Textures/T_Water_M.uasset" 595
"D:/Runner/Content/StarterContent/Materials/M_Water_Ocean.uasset" 596
"D:/Runner/Content/StarterContent/Textures/T_Wood_Floor_Walnut_D.uasset" 597
"D:/Runner/Content/StarterContent/Textures/T_Wood_Floor_Walnut_M.uasset" 598
"D:/Runner/Content/StarterContent/Textures/T_Wood_Floor_Walnut_N.uasset" 599
"D:/Runner/Content/StarterContent/Materials/M_Wood_Floor_Walnut_Polished.uasset" 600
"../../../Engine/Content/Functions/Engine_MaterialFunctions01/Opacity/AlphaOffset.uasset" 601
"D:/Runner/Content/StarterContent/Materials/M_Wood_Floor_Walnut_Worn.uasset" 602
"D:/Runner/Content/StarterContent/Textures/T_Wood_Oak_D.uasset" 603
"D:/Runner/Content/StarterContent/Textures/T_Wood_Oak_N.uasset" 604
"D:/Runner/Content/StarterContent/Materials/M_Wood_Oak.uasset" 605
"D:/Runner/Content/StarterContent/Textures/T_Wood_Pine_D.uasset" 606
"D:/Runner/Content/StarterContent/Textures/T_Wood_Pine_N.uasset" 607
"D:/Runner/Content/StarterContent/Materials/M_Wood_Pine.uasset" 608
"D:/Runner/Content/StarterContent/Textures/T_Wood_Walnut_D.uasset" 609
"D:/Runner/Content/StarterContent/Textures/T_Wood_Walnut_N.uasset" 610
"D:/Runner/Content/StarterContent/Materials/M_Wood_Walnut.uasset" 611
"D:/Runner/Content/StarterContent/Architecture/Wall_400x200.uasset" 612
"D:/Runner/Content/StarterContent/Architecture/Wall_Door_400x300.uasset" 613
"D:/Runner/Content/StarterContent/Architecture/Wall_Window_400x300.uasset" 614
"D:/Runner/Content/StarterContent/Audio/Collapse_Cue.uasset" 615
"D:/Runner/Content/StarterContent/Audio/Starter_Music_Cue.uasset" 616
"D:/Runner/Content/StarterContent/Textures/T_Dust_Particle_D.uasset" 617
"D:/Runner/Content/StarterContent/Particles/Materials/M_Dust_Particle.uasset" 618
"D:/Runner/Content/StarterContent/Particles/P_Ambient_Dust.uasset" 619
"D:/Runner/Content/StarterContent/Props/MaterialSphere.uasset" 620
"D:/Runner/Content/StarterContent/Textures/T_Frame_M.uasset" 621
"D:/Runner/Content/StarterContent/Textures/T_Frame_N.uasset" 622
"D:/Runner/Content/StarterContent/Props/Materials/M_Frame.uasset" 623
"D:/Runner/Content/StarterContent/Props/SM_CornerFrame.uasset" 624
"D:/Runner/Content/StarterContent/Props/SM_DoorFrame.uasset" 625
"D:/Runner/Content/StarterContent/Props/SM_GlassWindow.uasset" 626
"D:/Runner/Content/StarterContent/Props/SM_PillarFrame.uasset" 627
"D:/Runner/Content/StarterContent/Props/SM_PillarFrame300.uasset" 628
"D:/Runner/Content/StarterContent/Props/SM_WindowFrame.uasset" 629
"D:/Runner/Content/StarterContent/Shapes/Shape_Cube.uasset" 630
"D:/Runner/Content/StarterContent/Shapes/Shape_QuadPyramid.uasset" 631
"D:/Runner/Content/StarterContent/Shapes/Shape_Sphere.uasset" 632
"D:/Runner/Content/StarterContent/Maps/StarterMap.umap" 633
"../../../Engine/Content/Maps/Entry_BuiltData.uasset" 634
"../../../Engine/Content/Maps/Entry.umap" 635
